<?xml version="1.0" encoding="UTF-8"?>
<!-- Generated by org.testng.reporters.JUnitReportReporter -->
<testsuite hostname="ws-3b749cfb-85ba-4a74-8683-3fd12f4419c1" failures="0" tests="2" name="com.lambdatest.Tests.ParallelTest" time="50.191" errors="0" timestamp="20 Dec 2020 10:09:01 GMT">
  <testcase classname="com.lambdatest.Tests.ParallelTest" name="test" time="25.607"/>
  <testcase classname="com.lambdatest.Tests.ParallelTest" name="test" time="24.584"/>
</testsuite> <!-- com.lambdatest.Tests.ParallelTest -->
