<?xml version="1.0" encoding="UTF-8"?>
<!-- Generated by org.testng.reporters.JUnitReportReporter -->
<<<<<<< HEAD
<testsuite hostname="ws-2f0601ee-1508-45e9-b737-5cb157b9f980" failures="0" tests="2" name="com.lambdatest.Tests.ParallelTest" time="43.219" errors="0" timestamp="19 Dec 2020 17:39:44 GMT">
  <testcase classname="com.lambdatest.Tests.ParallelTest" name="test" time="25.352"/>
  <testcase classname="com.lambdatest.Tests.ParallelTest" name="test" time="17.867"/>
=======
<testsuite hostname="ws-0b234c53-d353-4f65-9ed4-58f137a30c57" failures="0" tests="2" name="com.lambdatest.Tests.ParallelTest" time="8.840" errors="0" timestamp="19 Dec 2020 14:39:15 GMT">
  <testcase classname="com.lambdatest.Tests.ParallelTest" name="test" time="3.898"/>
  <testcase classname="com.lambdatest.Tests.ParallelTest" name="test" time="4.942"/>
>>>>>>> 5c002ce312ff4eb3c5b47e334e84269ad9acbd76
</testsuite> <!-- com.lambdatest.Tests.ParallelTest -->
